Analysis & Synthesis report for cpu
Wed Nov 30 10:14:39 2016
Quartus II 32-bit Version 13.0.1 Build 232 06/12/2013 Service Pack 1 SJ Web Edition


---------------------
; Table of Contents ;
---------------------
  1. Legal Notice
  2. Analysis & Synthesis Summary
  3. Analysis & Synthesis Settings
  4. Parallel Compilation
  5. Analysis & Synthesis Source Files Read
  6. Analysis & Synthesis Resource Usage Summary
  7. Analysis & Synthesis Resource Utilization by Entity
  8. Analysis & Synthesis RAM Summary
  9. Registers Removed During Synthesis
 10. General Register Statistics
 11. Inverted Register Statistics
 12. Multiplexer Restructuring Statistics (Restructuring Performed)
 13. Source assignments for Ifetch:IFE|altsyncram:inst_memory|altsyncram_19q3:auto_generated
 14. Source assignments for dmemory:MEM|altsyncram:data_memory|altsyncram_ftp3:auto_generated
 15. Parameter Settings for User Entity Instance: Ifetch:IFE|altsyncram:inst_memory
 16. Parameter Settings for User Entity Instance: dmemory:MEM|altsyncram:data_memory
 17. altsyncram Parameter Settings by Entity Instance
 18. Port Connectivity Checks: "Idecode:ID"
 19. Port Connectivity Checks: "Ifetch:IFE"
 20. Elapsed Time Per Partition
 21. Analysis & Synthesis Messages



----------------
; Legal Notice ;
----------------
Copyright (C) 1991-2013 Altera Corporation
Your use of Altera Corporation's design tools, logic functions 
and other software and tools, and its AMPP partner logic 
functions, and any output files from any of the foregoing 
(including device programming or simulation files), and any 
associated documentation or information are expressly subject 
to the terms and conditions of the Altera Program License 
Subscription Agreement, Altera MegaCore Function License 
Agreement, or other applicable license agreement, including, 
without limitation, that your use is for the sole purpose of 
programming logic devices manufactured by Altera and sold by 
Altera or its authorized distributors.  Please refer to the 
applicable agreement for further details.



+--------------------------------------------------------------------------------------+
; Analysis & Synthesis Summary                                                         ;
+------------------------------------+-------------------------------------------------+
; Analysis & Synthesis Status        ; Successful - Wed Nov 30 10:14:39 2016           ;
; Quartus II 32-bit Version          ; 13.0.1 Build 232 06/12/2013 SP 1 SJ Web Edition ;
; Revision Name                      ; cpu                                             ;
; Top-level Entity Name              ; cpu                                             ;
; Family                             ; Cyclone IV GX                                   ;
; Total logic elements               ; 988                                             ;
;     Total combinational functions  ; 788                                             ;
;     Dedicated logic registers      ; 459                                             ;
; Total registers                    ; 459                                             ;
; Total pins                         ; 232                                             ;
; Total virtual pins                 ; 0                                               ;
; Total memory bits                  ; 10,240                                          ;
; Embedded Multiplier 9-bit elements ; 0                                               ;
; Total GXB Receiver Channel PCS     ; 0                                               ;
; Total GXB Receiver Channel PMA     ; 0                                               ;
; Total GXB Transmitter Channel PCS  ; 0                                               ;
; Total GXB Transmitter Channel PMA  ; 0                                               ;
; Total PLLs                         ; 0                                               ;
+------------------------------------+-------------------------------------------------+


+----------------------------------------------------------------------------------------------------------------------+
; Analysis & Synthesis Settings                                                                                        ;
+----------------------------------------------------------------------------+--------------------+--------------------+
; Option                                                                     ; Setting            ; Default Value      ;
+----------------------------------------------------------------------------+--------------------+--------------------+
; Top-level entity name                                                      ; cpu                ; cpu                ;
; Family name                                                                ; Cyclone IV GX      ; Cyclone IV GX      ;
; Use smart compilation                                                      ; Off                ; Off                ;
; Enable parallel Assembler and TimeQuest Timing Analyzer during compilation ; On                 ; On                 ;
; Enable compact report table                                                ; Off                ; Off                ;
; Restructure Multiplexers                                                   ; Auto               ; Auto               ;
; Create Debugging Nodes for IP Cores                                        ; Off                ; Off                ;
; Preserve fewer node names                                                  ; On                 ; On                 ;
; Disable OpenCore Plus hardware evaluation                                  ; Off                ; Off                ;
; Verilog Version                                                            ; Verilog_2001       ; Verilog_2001       ;
; VHDL Version                                                               ; VHDL_1993          ; VHDL_1993          ;
; State Machine Processing                                                   ; Auto               ; Auto               ;
; Safe State Machine                                                         ; Off                ; Off                ;
; Extract Verilog State Machines                                             ; On                 ; On                 ;
; Extract VHDL State Machines                                                ; On                 ; On                 ;
; Ignore Verilog initial constructs                                          ; Off                ; Off                ;
; Iteration limit for constant Verilog loops                                 ; 5000               ; 5000               ;
; Iteration limit for non-constant Verilog loops                             ; 250                ; 250                ;
; Add Pass-Through Logic to Inferred RAMs                                    ; On                 ; On                 ;
; Infer RAMs from Raw Logic                                                  ; On                 ; On                 ;
; Parallel Synthesis                                                         ; On                 ; On                 ;
; DSP Block Balancing                                                        ; Auto               ; Auto               ;
; NOT Gate Push-Back                                                         ; On                 ; On                 ;
; Power-Up Don't Care                                                        ; On                 ; On                 ;
; Remove Redundant Logic Cells                                               ; Off                ; Off                ;
; Remove Duplicate Registers                                                 ; On                 ; On                 ;
; Ignore CARRY Buffers                                                       ; Off                ; Off                ;
; Ignore CASCADE Buffers                                                     ; Off                ; Off                ;
; Ignore GLOBAL Buffers                                                      ; Off                ; Off                ;
; Ignore ROW GLOBAL Buffers                                                  ; Off                ; Off                ;
; Ignore LCELL Buffers                                                       ; Off                ; Off                ;
; Ignore SOFT Buffers                                                        ; On                 ; On                 ;
; Limit AHDL Integers to 32 Bits                                             ; Off                ; Off                ;
; Optimization Technique                                                     ; Balanced           ; Balanced           ;
; Carry Chain Length                                                         ; 70                 ; 70                 ;
; Auto Carry Chains                                                          ; On                 ; On                 ;
; Auto Open-Drain Pins                                                       ; On                 ; On                 ;
; Perform WYSIWYG Primitive Resynthesis                                      ; Off                ; Off                ;
; Auto ROM Replacement                                                       ; On                 ; On                 ;
; Auto RAM Replacement                                                       ; On                 ; On                 ;
; Auto DSP Block Replacement                                                 ; On                 ; On                 ;
; Auto Shift Register Replacement                                            ; Auto               ; Auto               ;
; Allow Shift Register Merging across Hierarchies                            ; Auto               ; Auto               ;
; Auto Clock Enable Replacement                                              ; On                 ; On                 ;
; Strict RAM Replacement                                                     ; Off                ; Off                ;
; Allow Synchronous Control Signals                                          ; On                 ; On                 ;
; Force Use of Synchronous Clear Signals                                     ; Off                ; Off                ;
; Auto RAM Block Balancing                                                   ; On                 ; On                 ;
; Auto RAM to Logic Cell Conversion                                          ; Off                ; Off                ;
; Auto Resource Sharing                                                      ; Off                ; Off                ;
; Allow Any RAM Size For Recognition                                         ; Off                ; Off                ;
; Allow Any ROM Size For Recognition                                         ; Off                ; Off                ;
; Allow Any Shift Register Size For Recognition                              ; Off                ; Off                ;
; Use LogicLock Constraints during Resource Balancing                        ; On                 ; On                 ;
; Ignore translate_off and synthesis_off directives                          ; Off                ; Off                ;
; Timing-Driven Synthesis                                                    ; On                 ; On                 ;
; Report Parameter Settings                                                  ; On                 ; On                 ;
; Report Source Assignments                                                  ; On                 ; On                 ;
; Report Connectivity Checks                                                 ; On                 ; On                 ;
; Ignore Maximum Fan-Out Assignments                                         ; Off                ; Off                ;
; Synchronization Register Chain Length                                      ; 2                  ; 2                  ;
; PowerPlay Power Optimization                                               ; Normal compilation ; Normal compilation ;
; HDL message level                                                          ; Level2             ; Level2             ;
; Suppress Register Optimization Related Messages                            ; Off                ; Off                ;
; Number of Removed Registers Reported in Synthesis Report                   ; 5000               ; 5000               ;
; Number of Swept Nodes Reported in Synthesis Report                         ; 5000               ; 5000               ;
; Number of Inverted Registers Reported in Synthesis Report                  ; 100                ; 100                ;
; Clock MUX Protection                                                       ; On                 ; On                 ;
; Auto Gated Clock Conversion                                                ; Off                ; Off                ;
; Block Design Naming                                                        ; Auto               ; Auto               ;
; SDC constraint protection                                                  ; Off                ; Off                ;
; Synthesis Effort                                                           ; Auto               ; Auto               ;
; Shift Register Replacement - Allow Asynchronous Clear Signal               ; On                 ; On                 ;
; Pre-Mapping Resynthesis Optimization                                       ; Off                ; Off                ;
; Analysis & Synthesis Message Level                                         ; Medium             ; Medium             ;
; Disable Register Merging Across Hierarchies                                ; Auto               ; Auto               ;
; Resource Aware Inference For Block RAM                                     ; On                 ; On                 ;
; Synthesis Seed                                                             ; 1                  ; 1                  ;
+----------------------------------------------------------------------------+--------------------+--------------------+


Parallel compilation was disabled, but you have multiple processors available. Enable parallel compilation to reduce compilation time.
+-------------------------------------+
; Parallel Compilation                ;
+----------------------------+--------+
; Processors                 ; Number ;
+----------------------------+--------+
; Number detected on machine ; 8      ;
; Maximum allowed            ; 1      ;
+----------------------------+--------+


+------------------------------------------------------------------------------------------------------------------------------------------------------------------------------+
; Analysis & Synthesis Source Files Read                                                                                                                                       ;
+-------------------------------------+-----------------+----------------------------------+-------------------------------------------------------------------------+---------+
; File Name with User-Entered Path    ; Used in Netlist ; File Type                        ; File Name with Absolute Path                                            ; Library ;
+-------------------------------------+-----------------+----------------------------------+-------------------------------------------------------------------------+---------+
; branch_hazard_detection_example.mif ; yes             ; User Memory Initialization File  ; C:/altera/cpu_pipeline/13.0sp1cpu/branch_hazard_detection_example.mif   ;         ;
; Ifetch.vhd                          ; yes             ; User VHDL File                   ; C:/altera/cpu_pipeline/13.0sp1cpu/Ifetch.vhd                            ;         ;
; Idecode.vhd                         ; yes             ; User VHDL File                   ; C:/altera/cpu_pipeline/13.0sp1cpu/Idecode.vhd                           ;         ;
; control.vhd                         ; yes             ; User VHDL File                   ; C:/altera/cpu_pipeline/13.0sp1cpu/control.vhd                           ;         ;
; Execute.vhd                         ; yes             ; User VHDL File                   ; C:/altera/cpu_pipeline/13.0sp1cpu/Execute.vhd                           ;         ;
; dmemory.vhd                         ; yes             ; User VHDL File                   ; C:/altera/cpu_pipeline/13.0sp1cpu/dmemory.vhd                           ;         ;
; dmemory.mif                         ; yes             ; User Memory Initialization File  ; C:/altera/cpu_pipeline/13.0sp1cpu/dmemory.mif                           ;         ;
; cpu.vhd                             ; yes             ; User VHDL File                   ; C:/altera/cpu_pipeline/13.0sp1cpu/cpu.vhd                               ;         ;
; altsyncram.tdf                      ; yes             ; Megafunction                     ; c:/altera/13.0sp1/quartus/libraries/megafunctions/altsyncram.tdf        ;         ;
; stratix_ram_block.inc               ; yes             ; Megafunction                     ; c:/altera/13.0sp1/quartus/libraries/megafunctions/stratix_ram_block.inc ;         ;
; lpm_mux.inc                         ; yes             ; Megafunction                     ; c:/altera/13.0sp1/quartus/libraries/megafunctions/lpm_mux.inc           ;         ;
; lpm_decode.inc                      ; yes             ; Megafunction                     ; c:/altera/13.0sp1/quartus/libraries/megafunctions/lpm_decode.inc        ;         ;
; aglobal130.inc                      ; yes             ; Megafunction                     ; c:/altera/13.0sp1/quartus/libraries/megafunctions/aglobal130.inc        ;         ;
; a_rdenreg.inc                       ; yes             ; Megafunction                     ; c:/altera/13.0sp1/quartus/libraries/megafunctions/a_rdenreg.inc         ;         ;
; altrom.inc                          ; yes             ; Megafunction                     ; c:/altera/13.0sp1/quartus/libraries/megafunctions/altrom.inc            ;         ;
; altram.inc                          ; yes             ; Megafunction                     ; c:/altera/13.0sp1/quartus/libraries/megafunctions/altram.inc            ;         ;
; altdpram.inc                        ; yes             ; Megafunction                     ; c:/altera/13.0sp1/quartus/libraries/megafunctions/altdpram.inc          ;         ;
; db/altsyncram_19q3.tdf              ; yes             ; Auto-Generated Megafunction      ; C:/altera/cpu_pipeline/13.0sp1cpu/db/altsyncram_19q3.tdf                ;         ;
; db/altsyncram_ftp3.tdf              ; yes             ; Auto-Generated Megafunction      ; C:/altera/cpu_pipeline/13.0sp1cpu/db/altsyncram_ftp3.tdf                ;         ;
+-------------------------------------+-----------------+----------------------------------+-------------------------------------------------------------------------+---------+


+---------------------------------------------+
; Analysis & Synthesis Resource Usage Summary ;
+--------------------------+------------------+
; Resource                 ; Usage            ;
+--------------------------+------------------+
; I/O pins                 ; 232              ;
; Total memory bits        ; 10240            ;
; DSP block 9-bit elements ; 0                ;
; Maximum fan-out node     ; Clock~input      ;
; Maximum fan-out          ; 500              ;
; Total fan-out            ; 4945             ;
; Average fan-out          ; 2.82             ;
+--------------------------+------------------+


+-----------------------------------------------------------------------------------------------------------------------------------------------------------------------------------------------------------------------------------------------------------+
; Analysis & Synthesis Resource Utilization by Entity                                                                                                                                                                                                       ;
+-------------------------------------------+-------------------+--------------+-------------+--------------+---------+-----------+-----------+------+--------------+------------------------------------------------------------------------+--------------+
; Compilation Hierarchy Node                ; LC Combinationals ; LC Registers ; Memory Bits ; DSP Elements ; DSP 9x9 ; DSP 18x18 ; DSP 36x36 ; Pins ; Virtual Pins ; Full Hierarchy Name                                                    ; Library Name ;
+-------------------------------------------+-------------------+--------------+-------------+--------------+---------+-----------+-----------+------+--------------+------------------------------------------------------------------------+--------------+
; |cpu                                      ; 788 (36)          ; 459 (0)      ; 10240       ; 0            ; 0       ; 0         ; 0         ; 232  ; 0            ; |cpu                                                                   ; work         ;
;    |Execute:EX|                           ; 123 (123)         ; 83 (83)      ; 0           ; 0            ; 0       ; 0         ; 0         ; 0    ; 0            ; |cpu|Execute:EX                                                        ; work         ;
;    |Idecode:ID|                           ; 490 (490)         ; 312 (312)    ; 0           ; 0            ; 0       ; 0         ; 0         ; 0    ; 0            ; |cpu|Idecode:ID                                                        ; work         ;
;    |Ifetch:IFE|                           ; 75 (75)           ; 14 (14)      ; 8192        ; 0            ; 0       ; 0         ; 0         ; 0    ; 0            ; |cpu|Ifetch:IFE                                                        ; work         ;
;       |altsyncram:inst_memory|            ; 0 (0)             ; 0 (0)        ; 8192        ; 0            ; 0       ; 0         ; 0         ; 0    ; 0            ; |cpu|Ifetch:IFE|altsyncram:inst_memory                                 ; work         ;
;          |altsyncram_19q3:auto_generated| ; 0 (0)             ; 0 (0)        ; 8192        ; 0            ; 0       ; 0         ; 0         ; 0    ; 0            ; |cpu|Ifetch:IFE|altsyncram:inst_memory|altsyncram_19q3:auto_generated  ; work         ;
;    |control:CTRL|                         ; 23 (23)           ; 10 (10)      ; 0           ; 0            ; 0       ; 0         ; 0         ; 0    ; 0            ; |cpu|control:CTRL                                                      ; work         ;
;    |dmemory:MEM|                          ; 41 (41)           ; 40 (40)      ; 2048        ; 0            ; 0       ; 0         ; 0         ; 0    ; 0            ; |cpu|dmemory:MEM                                                       ; work         ;
;       |altsyncram:data_memory|            ; 0 (0)             ; 0 (0)        ; 2048        ; 0            ; 0       ; 0         ; 0         ; 0    ; 0            ; |cpu|dmemory:MEM|altsyncram:data_memory                                ; work         ;
;          |altsyncram_ftp3:auto_generated| ; 0 (0)             ; 0 (0)        ; 2048        ; 0            ; 0       ; 0         ; 0         ; 0    ; 0            ; |cpu|dmemory:MEM|altsyncram:data_memory|altsyncram_ftp3:auto_generated ; work         ;
+-------------------------------------------+-------------------+--------------+-------------+--------------+---------+-----------+-----------+------+--------------+------------------------------------------------------------------------+--------------+
Note: For table entries with two numbers listed, the numbers in parentheses indicate the number of resources of the given type used by the specific entity alone. The numbers listed outside of parentheses indicate the total resources of the given type used by the specific entity and all of its sub-entities in the hierarchy.


+------------------------------------------------------------------------------------------------------------------------------------------------------------------------------------------------------------+
; Analysis & Synthesis RAM Summary                                                                                                                                                                           ;
+------------------------------------------------------------------------------+------+-------------+--------------+--------------+--------------+--------------+------+-------------------------------------+
; Name                                                                         ; Type ; Mode        ; Port A Depth ; Port A Width ; Port B Depth ; Port B Width ; Size ; MIF                                 ;
+------------------------------------------------------------------------------+------+-------------+--------------+--------------+--------------+--------------+------+-------------------------------------+
; Ifetch:IFE|altsyncram:inst_memory|altsyncram_19q3:auto_generated|ALTSYNCRAM  ; AUTO ; ROM         ; 256          ; 32           ; --           ; --           ; 8192 ; branch_hazard_detection_example.mif ;
; dmemory:MEM|altsyncram:data_memory|altsyncram_ftp3:auto_generated|ALTSYNCRAM ; AUTO ; Single Port ; 256          ; 8            ; --           ; --           ; 2048 ; dmemory.mif                         ;
+------------------------------------------------------------------------------+------+-------------+--------------+--------------+--------------+--------------+------+-------------------------------------+


+--------------------------------------------------------------------------------------+
; Registers Removed During Synthesis                                                   ;
+----------------------------------------+---------------------------------------------+
; Register name                          ; Reason for Removal                          ;
+----------------------------------------+---------------------------------------------+
; Ifetch:IFE|PC[0,1]                     ; Stuck at GND due to stuck port data_in      ;
; dmemory:MEM|MemtoReg_ppp               ; Merged with dmemory:MEM|MemRead_ppp         ;
; Execute:EX|MemtoReg_pp                 ; Merged with Execute:EX|MemRead_pp           ;
; control:CTRL|MemtoReg_p                ; Merged with control:CTRL|MemRead_p          ;
; control:CTRL|RegDst_p                  ; Merged with control:CTRL|ALU_Op_p[1]        ;
; control:CTRL|IF_Flush                  ; Merged with control:CTRL|ALU_Op_p[0]        ;
; Idecode:ID|Sign_Extend_p[0]            ; Merged with Idecode:ID|Instruction_pp[0]    ;
; Ifetch:IFE|PC_plus_4_p[1]              ; Merged with Ifetch:IFE|PC_plus_4_p[0]       ;
; Idecode:ID|Sign_Extend_p[1]            ; Merged with Idecode:ID|Instruction_pp[1]    ;
; Idecode:ID|Sign_Extend_p[2]            ; Merged with Idecode:ID|Instruction_pp[2]    ;
; Idecode:ID|Sign_Extend_p[3]            ; Merged with Idecode:ID|Instruction_pp[3]    ;
; Idecode:ID|Sign_Extend_p[4]            ; Merged with Idecode:ID|Instruction_pp[4]    ;
; Idecode:ID|Sign_Extend_p[5]            ; Merged with Idecode:ID|Instruction_pp[5]    ;
; Idecode:ID|Sign_Extend_p[6]            ; Merged with Idecode:ID|Instruction_pp[6]    ;
; Idecode:ID|Sign_Extend_p[7]            ; Merged with Idecode:ID|Instruction_pp[7]    ;
; Idecode:ID|Write_Address_1_p[0]        ; Merged with Idecode:ID|Instruction_pp[11]   ;
; Idecode:ID|Write_Address_1_p[1]        ; Merged with Idecode:ID|Instruction_pp[12]   ;
; Idecode:ID|Write_Address_1_p[2]        ; Merged with Idecode:ID|Instruction_pp[13]   ;
; Idecode:ID|Write_Address_1_p[3]        ; Merged with Idecode:ID|Instruction_pp[14]   ;
; Idecode:ID|Write_Address_1_p[4]        ; Merged with Idecode:ID|Instruction_pp[15]   ;
; Idecode:ID|Write_Address_0_p[0]        ; Merged with Idecode:ID|Instruction_pp[16]   ;
; Idecode:ID|Write_Address_0_p[1]        ; Merged with Idecode:ID|Instruction_pp[17]   ;
; Idecode:ID|Write_Address_0_p[2]        ; Merged with Idecode:ID|Instruction_pp[18]   ;
; Idecode:ID|Write_Address_0_p[3]        ; Merged with Idecode:ID|Instruction_pp[19]   ;
; Idecode:ID|Write_Address_0_p[4]        ; Merged with Idecode:ID|Instruction_pp[20]   ;
; Idecode:ID|Write_Address_2_p[0]        ; Merged with Idecode:ID|Instruction_pp[21]   ;
; Idecode:ID|Write_Address_2_p[1]        ; Merged with Idecode:ID|Instruction_pp[22]   ;
; Idecode:ID|Write_Address_2_p[2]        ; Merged with Idecode:ID|Instruction_pp[23]   ;
; Idecode:ID|Write_Address_2_p[3]        ; Merged with Idecode:ID|Instruction_pp[24]   ;
; Idecode:ID|Write_Address_2_p[4]        ; Merged with Idecode:ID|Instruction_pp[25]   ;
; Ifetch:IFE|PC_plus_4_p[0]              ; Stuck at GND due to stuck port data_in      ;
; Idecode:ID|register_array[0][0]        ; Stuck at GND due to stuck port clock_enable ;
; Idecode:ID|register_array[0][1]        ; Stuck at GND due to stuck port clock_enable ;
; Idecode:ID|register_array[0][2]        ; Stuck at GND due to stuck port clock_enable ;
; Idecode:ID|register_array[0][3]        ; Stuck at GND due to stuck port clock_enable ;
; Idecode:ID|register_array[0][4]        ; Stuck at GND due to stuck port clock_enable ;
; Idecode:ID|register_array[0][5]        ; Stuck at GND due to stuck port clock_enable ;
; Idecode:ID|register_array[0][6]        ; Stuck at GND due to stuck port clock_enable ;
; Idecode:ID|register_array[0][7]        ; Stuck at GND due to stuck port clock_enable ;
; Total Number of Removed Registers = 40 ;                                             ;
+----------------------------------------+---------------------------------------------+


+------------------------------------------------------+
; General Register Statistics                          ;
+----------------------------------------------+-------+
; Statistic                                    ; Value ;
+----------------------------------------------+-------+
; Total registers                              ; 459   ;
; Number of registers using Synchronous Clear  ; 31    ;
; Number of registers using Synchronous Load   ; 0     ;
; Number of registers using Asynchronous Clear ; 248   ;
; Number of registers using Asynchronous Load  ; 0     ;
; Number of registers using Clock Enable       ; 352   ;
; Number of registers using Preset             ; 0     ;
+----------------------------------------------+-------+


+---------------------------------------------------+
; Inverted Register Statistics                      ;
+-----------------------------------------+---------+
; Inverted Register                       ; Fan out ;
+-----------------------------------------+---------+
; Idecode:ID|register_array[25][0]        ; 2       ;
; Idecode:ID|register_array[21][0]        ; 2       ;
; Idecode:ID|register_array[17][0]        ; 2       ;
; Idecode:ID|register_array[29][0]        ; 2       ;
; Idecode:ID|register_array[27][0]        ; 2       ;
; Idecode:ID|register_array[23][0]        ; 2       ;
; Idecode:ID|register_array[19][0]        ; 2       ;
; Idecode:ID|register_array[31][0]        ; 2       ;
; Idecode:ID|register_array[9][0]         ; 2       ;
; Idecode:ID|register_array[11][0]        ; 2       ;
; Idecode:ID|register_array[5][0]         ; 2       ;
; Idecode:ID|register_array[7][0]         ; 2       ;
; Idecode:ID|register_array[1][0]         ; 2       ;
; Idecode:ID|register_array[3][0]         ; 2       ;
; Idecode:ID|register_array[13][0]        ; 2       ;
; Idecode:ID|register_array[15][0]        ; 2       ;
; Idecode:ID|register_array[26][1]        ; 2       ;
; Idecode:ID|register_array[22][1]        ; 2       ;
; Idecode:ID|register_array[18][1]        ; 2       ;
; Idecode:ID|register_array[30][1]        ; 2       ;
; Idecode:ID|register_array[23][1]        ; 2       ;
; Idecode:ID|register_array[27][1]        ; 2       ;
; Idecode:ID|register_array[19][1]        ; 2       ;
; Idecode:ID|register_array[31][1]        ; 2       ;
; Idecode:ID|register_array[6][1]         ; 2       ;
; Idecode:ID|register_array[7][1]         ; 2       ;
; Idecode:ID|register_array[10][1]        ; 2       ;
; Idecode:ID|register_array[11][1]        ; 2       ;
; Idecode:ID|register_array[3][1]         ; 2       ;
; Idecode:ID|register_array[2][1]         ; 2       ;
; Idecode:ID|register_array[14][1]        ; 2       ;
; Idecode:ID|register_array[15][1]        ; 2       ;
; Idecode:ID|register_array[21][2]        ; 2       ;
; Idecode:ID|register_array[29][2]        ; 2       ;
; Idecode:ID|register_array[22][2]        ; 2       ;
; Idecode:ID|register_array[30][2]        ; 2       ;
; Idecode:ID|register_array[20][2]        ; 2       ;
; Idecode:ID|register_array[28][2]        ; 2       ;
; Idecode:ID|register_array[23][2]        ; 2       ;
; Idecode:ID|register_array[31][2]        ; 2       ;
; Idecode:ID|register_array[6][2]         ; 2       ;
; Idecode:ID|register_array[5][2]         ; 2       ;
; Idecode:ID|register_array[4][2]         ; 2       ;
; Idecode:ID|register_array[7][2]         ; 2       ;
; Idecode:ID|register_array[14][2]        ; 2       ;
; Idecode:ID|register_array[13][2]        ; 2       ;
; Idecode:ID|register_array[12][2]        ; 2       ;
; Idecode:ID|register_array[15][2]        ; 2       ;
; Idecode:ID|register_array[25][3]        ; 2       ;
; Idecode:ID|register_array[29][3]        ; 2       ;
; Idecode:ID|register_array[26][3]        ; 2       ;
; Idecode:ID|register_array[30][3]        ; 2       ;
; Idecode:ID|register_array[24][3]        ; 2       ;
; Idecode:ID|register_array[28][3]        ; 2       ;
; Idecode:ID|register_array[27][3]        ; 2       ;
; Idecode:ID|register_array[31][3]        ; 2       ;
; Idecode:ID|register_array[9][3]         ; 2       ;
; Idecode:ID|register_array[10][3]        ; 2       ;
; Idecode:ID|register_array[8][3]         ; 2       ;
; Idecode:ID|register_array[11][3]        ; 2       ;
; Idecode:ID|register_array[14][3]        ; 2       ;
; Idecode:ID|register_array[13][3]        ; 2       ;
; Idecode:ID|register_array[12][3]        ; 2       ;
; Idecode:ID|register_array[15][3]        ; 2       ;
; Idecode:ID|register_array[25][4]        ; 2       ;
; Idecode:ID|register_array[21][4]        ; 2       ;
; Idecode:ID|register_array[17][4]        ; 2       ;
; Idecode:ID|register_array[29][4]        ; 2       ;
; Idecode:ID|register_array[22][4]        ; 2       ;
; Idecode:ID|register_array[26][4]        ; 2       ;
; Idecode:ID|register_array[18][4]        ; 2       ;
; Idecode:ID|register_array[30][4]        ; 2       ;
; Idecode:ID|register_array[20][4]        ; 2       ;
; Idecode:ID|register_array[24][4]        ; 2       ;
; Idecode:ID|register_array[16][4]        ; 2       ;
; Idecode:ID|register_array[28][4]        ; 2       ;
; Idecode:ID|register_array[27][4]        ; 2       ;
; Idecode:ID|register_array[23][4]        ; 2       ;
; Idecode:ID|register_array[19][4]        ; 2       ;
; Idecode:ID|register_array[31][4]        ; 2       ;
; Total number of inverted registers = 80 ;         ;
+-----------------------------------------+---------+


+--------------------------------------------------------------------------------------------------------------------------------------------------+
; Multiplexer Restructuring Statistics (Restructuring Performed)                                                                                   ;
+--------------------+-----------+---------------+----------------------+------------------------+------------+------------------------------------+
; Multiplexer Inputs ; Bus Width ; Baseline Area ; Area if Restructured ; Saving if Restructured ; Registered ; Example Multiplexer Output         ;
+--------------------+-----------+---------------+----------------------+------------------------+------------+------------------------------------+
; 3:1                ; 6 bits    ; 12 LEs        ; 6 LEs                ; 6 LEs                  ; Yes        ; |cpu|Ifetch:IFE|PC_plus_4_p[5]     ;
; 3:1                ; 7 bits    ; 14 LEs        ; 7 LEs                ; 7 LEs                  ; Yes        ; |cpu|Execute:EX|ALU_Result_p[5]    ;
; 3:1                ; 13 bits   ; 26 LEs        ; 13 LEs               ; 13 LEs                 ; Yes        ; |cpu|Idecode:ID|Instruction_pp[14] ;
; 3:1                ; 5 bits    ; 10 LEs        ; 10 LEs               ; 0 LEs                  ; Yes        ; |cpu|Execute:EX|Write_Address_p[0] ;
; 4:1                ; 8 bits    ; 16 LEs        ; 16 LEs               ; 0 LEs                  ; Yes        ; |cpu|Ifetch:IFE|PC[4]              ;
; 33:1               ; 8 bits    ; 176 LEs       ; 176 LEs              ; 0 LEs                  ; Yes        ; |cpu|Idecode:ID|Read_Data_2_p[0]   ;
; 33:1               ; 8 bits    ; 176 LEs       ; 176 LEs              ; 0 LEs                  ; Yes        ; |cpu|Idecode:ID|Read_Data_1_p[0]   ;
; 4:1                ; 8 bits    ; 16 LEs        ; 16 LEs               ; 0 LEs                  ; No         ; |cpu|Execute:EX|Mux5               ;
; 5:1                ; 8 bits    ; 24 LEs        ; 16 LEs               ; 8 LEs                  ; No         ; |cpu|Execute:EX|B_input[2]         ;
; 3:1                ; 8 bits    ; 16 LEs        ; 0 LEs                ; 16 LEs                 ; No         ; |cpu|Execute:EX|Add0               ;
; 3:1                ; 8 bits    ; 16 LEs        ; 8 LEs                ; 8 LEs                  ; No         ; |cpu|Execute:EX|Add0               ;
; 8:1                ; 8 bits    ; 40 LEs        ; 16 LEs               ; 24 LEs                 ; No         ; |cpu|Execute:EX|Mux23              ;
+--------------------+-----------+---------------+----------------------+------------------------+------------+------------------------------------+


+-----------------------------------------------------------------------------------------+
; Source assignments for Ifetch:IFE|altsyncram:inst_memory|altsyncram_19q3:auto_generated ;
+---------------------------------+--------------------+------+---------------------------+
; Assignment                      ; Value              ; From ; To                        ;
+---------------------------------+--------------------+------+---------------------------+
; OPTIMIZE_POWER_DURING_SYNTHESIS ; NORMAL_COMPILATION ; -    ; -                         ;
+---------------------------------+--------------------+------+---------------------------+


+------------------------------------------------------------------------------------------+
; Source assignments for dmemory:MEM|altsyncram:data_memory|altsyncram_ftp3:auto_generated ;
+---------------------------------+--------------------+------+----------------------------+
; Assignment                      ; Value              ; From ; To                         ;
+---------------------------------+--------------------+------+----------------------------+
; OPTIMIZE_POWER_DURING_SYNTHESIS ; NORMAL_COMPILATION ; -    ; -                          ;
+---------------------------------+--------------------+------+----------------------------+


+-------------------------------------------------------------------------------------------+
; Parameter Settings for User Entity Instance: Ifetch:IFE|altsyncram:inst_memory            ;
+------------------------------------+-------------------------------------+----------------+
; Parameter Name                     ; Value                               ; Type           ;
+------------------------------------+-------------------------------------+----------------+
; BYTE_SIZE_BLOCK                    ; 8                                   ; Untyped        ;
; AUTO_CARRY_CHAINS                  ; ON                                  ; AUTO_CARRY     ;
; IGNORE_CARRY_BUFFERS               ; OFF                                 ; IGNORE_CARRY   ;
; AUTO_CASCADE_CHAINS                ; ON                                  ; AUTO_CASCADE   ;
; IGNORE_CASCADE_BUFFERS             ; OFF                                 ; IGNORE_CASCADE ;
; WIDTH_BYTEENA                      ; 1                                   ; Untyped        ;
; OPERATION_MODE                     ; ROM                                 ; Untyped        ;
; WIDTH_A                            ; 32                                  ; Signed Integer ;
; WIDTHAD_A                          ; 8                                   ; Signed Integer ;
; NUMWORDS_A                         ; 0                                   ; Signed Integer ;
; OUTDATA_REG_A                      ; UNREGISTERED                        ; Untyped        ;
; ADDRESS_ACLR_A                     ; NONE                                ; Untyped        ;
; OUTDATA_ACLR_A                     ; NONE                                ; Untyped        ;
; WRCONTROL_ACLR_A                   ; NONE                                ; Untyped        ;
; INDATA_ACLR_A                      ; NONE                                ; Untyped        ;
; BYTEENA_ACLR_A                     ; NONE                                ; Untyped        ;
; WIDTH_B                            ; 1                                   ; Signed Integer ;
; WIDTHAD_B                          ; 1                                   ; Signed Integer ;
; NUMWORDS_B                         ; 0                                   ; Signed Integer ;
; INDATA_REG_B                       ; CLOCK1                              ; Untyped        ;
; WRCONTROL_WRADDRESS_REG_B          ; CLOCK1                              ; Untyped        ;
; RDCONTROL_REG_B                    ; CLOCK1                              ; Untyped        ;
; ADDRESS_REG_B                      ; CLOCK1                              ; Untyped        ;
; OUTDATA_REG_B                      ; UNREGISTERED                        ; Untyped        ;
; BYTEENA_REG_B                      ; CLOCK1                              ; Untyped        ;
; INDATA_ACLR_B                      ; NONE                                ; Untyped        ;
; WRCONTROL_ACLR_B                   ; NONE                                ; Untyped        ;
; ADDRESS_ACLR_B                     ; NONE                                ; Untyped        ;
; OUTDATA_ACLR_B                     ; NONE                                ; Untyped        ;
; RDCONTROL_ACLR_B                   ; NONE                                ; Untyped        ;
; BYTEENA_ACLR_B                     ; NONE                                ; Untyped        ;
; WIDTH_BYTEENA_A                    ; 1                                   ; Signed Integer ;
; WIDTH_BYTEENA_B                    ; 1                                   ; Signed Integer ;
; RAM_BLOCK_TYPE                     ; AUTO                                ; Untyped        ;
; BYTE_SIZE                          ; 8                                   ; Signed Integer ;
; READ_DURING_WRITE_MODE_MIXED_PORTS ; DONT_CARE                           ; Untyped        ;
; READ_DURING_WRITE_MODE_PORT_A      ; NEW_DATA_NO_NBE_READ                ; Untyped        ;
; READ_DURING_WRITE_MODE_PORT_B      ; NEW_DATA_NO_NBE_READ                ; Untyped        ;
; INIT_FILE                          ; branch_hazard_detection_example.mif ; Untyped        ;
; INIT_FILE_LAYOUT                   ; PORT_A                              ; Untyped        ;
; MAXIMUM_DEPTH                      ; 0                                   ; Signed Integer ;
; CLOCK_ENABLE_INPUT_A               ; NORMAL                              ; Untyped        ;
; CLOCK_ENABLE_INPUT_B               ; NORMAL                              ; Untyped        ;
; CLOCK_ENABLE_OUTPUT_A              ; NORMAL                              ; Untyped        ;
; CLOCK_ENABLE_OUTPUT_B              ; NORMAL                              ; Untyped        ;
; CLOCK_ENABLE_CORE_A                ; USE_INPUT_CLKEN                     ; Untyped        ;
; CLOCK_ENABLE_CORE_B                ; USE_INPUT_CLKEN                     ; Untyped        ;
; ENABLE_ECC                         ; FALSE                               ; Untyped        ;
; ECC_PIPELINE_STAGE_ENABLED         ; FALSE                               ; Untyped        ;
; WIDTH_ECCSTATUS                    ; 3                                   ; Signed Integer ;
; DEVICE_FAMILY                      ; Cyclone IV GX                       ; Untyped        ;
; CBXI_PARAMETER                     ; altsyncram_19q3                     ; Untyped        ;
+------------------------------------+-------------------------------------+----------------+
Note: In order to hide this table in the UI and the text report file, please set the "Show Parameter Settings in Synthesis Report" option in "Analysis and Synthesis Settings -> More Settings" to "Off".


+---------------------------------------------------------------------------------+
; Parameter Settings for User Entity Instance: dmemory:MEM|altsyncram:data_memory ;
+------------------------------------+----------------------+---------------------+
; Parameter Name                     ; Value                ; Type                ;
+------------------------------------+----------------------+---------------------+
; BYTE_SIZE_BLOCK                    ; 8                    ; Untyped             ;
; AUTO_CARRY_CHAINS                  ; ON                   ; AUTO_CARRY          ;
; IGNORE_CARRY_BUFFERS               ; OFF                  ; IGNORE_CARRY        ;
; AUTO_CASCADE_CHAINS                ; ON                   ; AUTO_CASCADE        ;
; IGNORE_CASCADE_BUFFERS             ; OFF                  ; IGNORE_CASCADE      ;
; WIDTH_BYTEENA                      ; 1                    ; Untyped             ;
; OPERATION_MODE                     ; SINGLE_PORT          ; Untyped             ;
; WIDTH_A                            ; 8                    ; Signed Integer      ;
; WIDTHAD_A                          ; 8                    ; Signed Integer      ;
; NUMWORDS_A                         ; 0                    ; Signed Integer      ;
; OUTDATA_REG_A                      ; UNREGISTERED         ; Untyped             ;
; ADDRESS_ACLR_A                     ; NONE                 ; Untyped             ;
; OUTDATA_ACLR_A                     ; NONE                 ; Untyped             ;
; WRCONTROL_ACLR_A                   ; NONE                 ; Untyped             ;
; INDATA_ACLR_A                      ; NONE                 ; Untyped             ;
; BYTEENA_ACLR_A                     ; NONE                 ; Untyped             ;
; WIDTH_B                            ; 1                    ; Signed Integer      ;
; WIDTHAD_B                          ; 1                    ; Signed Integer      ;
; NUMWORDS_B                         ; 0                    ; Signed Integer      ;
; INDATA_REG_B                       ; CLOCK1               ; Untyped             ;
; WRCONTROL_WRADDRESS_REG_B          ; CLOCK1               ; Untyped             ;
; RDCONTROL_REG_B                    ; CLOCK1               ; Untyped             ;
; ADDRESS_REG_B                      ; CLOCK1               ; Untyped             ;
; OUTDATA_REG_B                      ; UNREGISTERED         ; Untyped             ;
; BYTEENA_REG_B                      ; CLOCK1               ; Untyped             ;
; INDATA_ACLR_B                      ; NONE                 ; Untyped             ;
; WRCONTROL_ACLR_B                   ; NONE                 ; Untyped             ;
; ADDRESS_ACLR_B                     ; NONE                 ; Untyped             ;
; OUTDATA_ACLR_B                     ; NONE                 ; Untyped             ;
; RDCONTROL_ACLR_B                   ; NONE                 ; Untyped             ;
; BYTEENA_ACLR_B                     ; NONE                 ; Untyped             ;
; WIDTH_BYTEENA_A                    ; 1                    ; Signed Integer      ;
; WIDTH_BYTEENA_B                    ; 1                    ; Signed Integer      ;
; RAM_BLOCK_TYPE                     ; AUTO                 ; Untyped             ;
; BYTE_SIZE                          ; 8                    ; Signed Integer      ;
; READ_DURING_WRITE_MODE_MIXED_PORTS ; DONT_CARE            ; Untyped             ;
; READ_DURING_WRITE_MODE_PORT_A      ; NEW_DATA_NO_NBE_READ ; Untyped             ;
; READ_DURING_WRITE_MODE_PORT_B      ; NEW_DATA_NO_NBE_READ ; Untyped             ;
; INIT_FILE                          ; dmemory.mif          ; Untyped             ;
; INIT_FILE_LAYOUT                   ; PORT_A               ; Untyped             ;
; MAXIMUM_DEPTH                      ; 0                    ; Signed Integer      ;
; CLOCK_ENABLE_INPUT_A               ; NORMAL               ; Untyped             ;
; CLOCK_ENABLE_INPUT_B               ; NORMAL               ; Untyped             ;
; CLOCK_ENABLE_OUTPUT_A              ; NORMAL               ; Untyped             ;
; CLOCK_ENABLE_OUTPUT_B              ; NORMAL               ; Untyped             ;
; CLOCK_ENABLE_CORE_A                ; USE_INPUT_CLKEN      ; Untyped             ;
; CLOCK_ENABLE_CORE_B                ; USE_INPUT_CLKEN      ; Untyped             ;
; ENABLE_ECC                         ; FALSE                ; Untyped             ;
; ECC_PIPELINE_STAGE_ENABLED         ; FALSE                ; Untyped             ;
; WIDTH_ECCSTATUS                    ; 3                    ; Signed Integer      ;
; DEVICE_FAMILY                      ; Cyclone IV GX        ; Untyped             ;
; CBXI_PARAMETER                     ; altsyncram_ftp3      ; Untyped             ;
+------------------------------------+----------------------+---------------------+
Note: In order to hide this table in the UI and the text report file, please set the "Show Parameter Settings in Synthesis Report" option in "Analysis and Synthesis Settings -> More Settings" to "Off".


+--------------------------------------------------------------------------------+
; altsyncram Parameter Settings by Entity Instance                               ;
+-------------------------------------------+------------------------------------+
; Name                                      ; Value                              ;
+-------------------------------------------+------------------------------------+
; Number of entity instances                ; 2                                  ;
; Entity Instance                           ; Ifetch:IFE|altsyncram:inst_memory  ;
;     -- OPERATION_MODE                     ; ROM                                ;
;     -- WIDTH_A                            ; 32                                 ;
;     -- NUMWORDS_A                         ; 0                                  ;
;     -- OUTDATA_REG_A                      ; UNREGISTERED                       ;
;     -- WIDTH_B                            ; 1                                  ;
;     -- NUMWORDS_B                         ; 0                                  ;
;     -- ADDRESS_REG_B                      ; CLOCK1                             ;
;     -- OUTDATA_REG_B                      ; UNREGISTERED                       ;
;     -- RAM_BLOCK_TYPE                     ; AUTO                               ;
;     -- READ_DURING_WRITE_MODE_MIXED_PORTS ; DONT_CARE                          ;
; Entity Instance                           ; dmemory:MEM|altsyncram:data_memory ;
;     -- OPERATION_MODE                     ; SINGLE_PORT                        ;
;     -- WIDTH_A                            ; 8                                  ;
;     -- NUMWORDS_A                         ; 0                                  ;
;     -- OUTDATA_REG_A                      ; UNREGISTERED                       ;
;     -- WIDTH_B                            ; 1                                  ;
;     -- NUMWORDS_B                         ; 0                                  ;
;     -- ADDRESS_REG_B                      ; CLOCK1                             ;
;     -- OUTDATA_REG_B                      ; UNREGISTERED                       ;
;     -- RAM_BLOCK_TYPE                     ; AUTO                               ;
;     -- READ_DURING_WRITE_MODE_MIXED_PORTS ; DONT_CARE                          ;
+-------------------------------------------+------------------------------------+


+-------------------------------------------------------------------------------------------------------------------------------+
; Port Connectivity Checks: "Idecode:ID"                                                                                        ;
+---------------------+--------+----------+-------------------------------------------------------------------------------------+
; Port                ; Type   ; Severity ; Details                                                                             ;
+---------------------+--------+----------+-------------------------------------------------------------------------------------+
; idexregister_rt_out ; Output ; Info     ; Connected to dangling logic. Logic that only feeds a dangling port will be removed. ;
; add_result_p        ; Output ; Info     ; Connected to dangling logic. Logic that only feeds a dangling port will be removed. ;
; branch_pp           ; Output ; Info     ; Connected to dangling logic. Logic that only feeds a dangling port will be removed. ;
; branch_ne_pp        ; Output ; Info     ; Connected to dangling logic. Logic that only feeds a dangling port will be removed. ;
+---------------------+--------+----------+-------------------------------------------------------------------------------------+


+-----------------------------------------------------------------------------------------------------------------------+
; Port Connectivity Checks: "Ifetch:IFE"                                                                                ;
+-------------+--------+----------+-------------------------------------------------------------------------------------+
; Port        ; Type   ; Severity ; Details                                                                             ;
+-------------+--------+----------+-------------------------------------------------------------------------------------+
; nxt_pc      ; Output ; Info     ; Connected to dangling logic. Logic that only feeds a dangling port will be removed. ;
; ifflush_ppp ; Output ; Info     ; Connected to dangling logic. Logic that only feeds a dangling port will be removed. ;
+-------------+--------+----------+-------------------------------------------------------------------------------------+


+-------------------------------+
; Elapsed Time Per Partition    ;
+----------------+--------------+
; Partition Name ; Elapsed Time ;
+----------------+--------------+
; Top            ; 00:00:01     ;
+----------------+--------------+


+-------------------------------+
; Analysis & Synthesis Messages ;
+-------------------------------+
Info: *******************************************************************
Info: Running Quartus II 32-bit Analysis & Synthesis
    Info: Version 13.0.1 Build 232 06/12/2013 Service Pack 1 SJ Web Edition
    Info: Processing started: Wed Nov 30 10:14:35 2016
Info: Command: quartus_map --read_settings_files=on --write_settings_files=off cpu -c cpu
Warning (20028): Parallel compilation is not licensed and has been disabled
Info (12021): Found 2 design units, including 1 entities, in source file ifetch.vhd
    Info (12022): Found design unit 1: Ifetch-behavior
    Info (12023): Found entity 1: Ifetch
Info (12021): Found 2 design units, including 1 entities, in source file idecode.vhd
    Info (12022): Found design unit 1: Idecode-behavior
    Info (12023): Found entity 1: Idecode
Info (12021): Found 2 design units, including 1 entities, in source file control.vhd
    Info (12022): Found design unit 1: control-behavior
    Info (12023): Found entity 1: control
Info (12021): Found 2 design units, including 1 entities, in source file execute.vhd
    Info (12022): Found design unit 1: Execute-behavior
    Info (12023): Found entity 1: Execute
Info (12021): Found 2 design units, including 1 entities, in source file dmemory.vhd
    Info (12022): Found design unit 1: dmemory-behavior
    Info (12023): Found entity 1: dmemory
Info (12021): Found 2 design units, including 1 entities, in source file cpu.vhd
    Info (12022): Found design unit 1: cpu-structure
    Info (12023): Found entity 1: cpu
Info (12127): Elaborating entity "cpu" for the top level hierarchy
Warning (10036): Verilog HDL or VHDL warning at cpu.vhd(240): object "Branch_pp" assigned a value but never read
Warning (10036): Verilog HDL or VHDL warning at cpu.vhd(242): object "Branch_NE_pp" assigned a value but never read
Warning (10036): Verilog HDL or VHDL warning at cpu.vhd(260): object "NXT_PC" assigned a value but never read
Warning (10036): Verilog HDL or VHDL warning at cpu.vhd(292): object "IDEXRegister_Rt_out" assigned a value but never read
Warning (10036): Verilog HDL or VHDL warning at cpu.vhd(300): object "IF_Flush_ppp" assigned a value but never read
Info (12128): Elaborating entity "Ifetch" for hierarchy "Ifetch:IFE"
Info (12128): Elaborating entity "altsyncram" for hierarchy "Ifetch:IFE|altsyncram:inst_memory"
Info (12130): Elaborated megafunction instantiation "Ifetch:IFE|altsyncram:inst_memory"
Info (12133): Instantiated megafunction "Ifetch:IFE|altsyncram:inst_memory" with the following parameter:
    Info (12134): Parameter "address_aclr_a" = "UNUSED"
    Info (12134): Parameter "address_aclr_b" = "NONE"
    Info (12134): Parameter "address_reg_b" = "CLOCK1"
    Info (12134): Parameter "byte_size" = "8"
    Info (12134): Parameter "byteena_aclr_a" = "UNUSED"
    Info (12134): Parameter "byteena_aclr_b" = "NONE"
    Info (12134): Parameter "byteena_reg_b" = "CLOCK1"
    Info (12134): Parameter "clock_enable_core_a" = "USE_INPUT_CLKEN"
    Info (12134): Parameter "clock_enable_core_b" = "USE_INPUT_CLKEN"
    Info (12134): Parameter "clock_enable_input_a" = "NORMAL"
    Info (12134): Parameter "clock_enable_input_b" = "NORMAL"
    Info (12134): Parameter "clock_enable_output_a" = "NORMAL"
    Info (12134): Parameter "clock_enable_output_b" = "NORMAL"
    Info (12134): Parameter "intended_device_family" = "Cyclone"
    Info (12134): Parameter "ecc_pipeline_stage_enabled" = "FALSE"
    Info (12134): Parameter "enable_ecc" = "FALSE"
    Info (12134): Parameter "implement_in_les" = "OFF"
    Info (12134): Parameter "indata_aclr_a" = "UNUSED"
    Info (12134): Parameter "indata_aclr_b" = "NONE"
    Info (12134): Parameter "indata_reg_b" = "CLOCK1"
    Info (12134): Parameter "init_file" = "branch_hazard_detection_example.mif"
    Info (12134): Parameter "init_file_layout" = "PORT_A"
    Info (12134): Parameter "maximum_depth" = "0"
    Info (12134): Parameter "numwords_a" = "0"
    Info (12134): Parameter "numwords_b" = "0"
    Info (12134): Parameter "operation_mode" = "ROM"
    Info (12134): Parameter "outdata_aclr_a" = "NONE"
    Info (12134): Parameter "outdata_aclr_b" = "NONE"
    Info (12134): Parameter "outdata_reg_a" = "UNREGISTERED"
    Info (12134): Parameter "outdata_reg_b" = "UNREGISTERED"
    Info (12134): Parameter "power_up_uninitialized" = "FALSE"
    Info (12134): Parameter "ram_block_type" = "AUTO"
    Info (12134): Parameter "rdcontrol_aclr_b" = "NONE"
    Info (12134): Parameter "rdcontrol_reg_b" = "CLOCK1"
    Info (12134): Parameter "read_during_write_mode_mixed_ports" = "DONT_CARE"
    Info (12134): Parameter "read_during_write_mode_port_a" = "NEW_DATA_NO_NBE_READ"
    Info (12134): Parameter "read_during_write_mode_port_b" = "NEW_DATA_NO_NBE_READ"
    Info (12134): Parameter "stratixiv_m144k_allow_dual_clocks" = "ON"
    Info (12134): Parameter "width_a" = "32"
    Info (12134): Parameter "width_b" = "1"
    Info (12134): Parameter "width_byteena_a" = "1"
    Info (12134): Parameter "width_byteena_b" = "1"
    Info (12134): Parameter "width_eccstatus" = "3"
    Info (12134): Parameter "widthad_a" = "8"
    Info (12134): Parameter "widthad_b" = "1"
    Info (12134): Parameter "wrcontrol_aclr_a" = "UNUSED"
    Info (12134): Parameter "wrcontrol_aclr_b" = "NONE"
    Info (12134): Parameter "wrcontrol_wraddress_reg_b" = "CLOCK1"
    Info (12134): Parameter "lpm_hint" = "UNUSED"
    Info (12134): Parameter "lpm_type" = "altsyncram"
Info (12021): Found 1 design units, including 1 entities, in source file db/altsyncram_19q3.tdf
    Info (12023): Found entity 1: altsyncram_19q3
Info (12128): Elaborating entity "altsyncram_19q3" for hierarchy "Ifetch:IFE|altsyncram:inst_memory|altsyncram_19q3:auto_generated"
Info (12128): Elaborating entity "Idecode" for hierarchy "Idecode:ID"
Warning (10541): VHDL Signal Declaration warning at Idecode.vhd(38): used implicit default value for signal "Add_Result_p" because signal was never assigned a value or an explicit default value. Use of implicit default value may introduce unintended design optimizations.
Warning (10036): Verilog HDL or VHDL warning at Idecode.vhd(61): object "instruction" assigned a value but never read
Warning (10036): Verilog HDL or VHDL warning at Idecode.vhd(66): object "bne" assigned a value but never read
Info (12128): Elaborating entity "control" for hierarchy "control:CTRL"
Info (12128): Elaborating entity "Execute" for hierarchy "Execute:EX"
Info (12128): Elaborating entity "dmemory" for hierarchy "dmemory:MEM"
Info (12128): Elaborating entity "altsyncram" for hierarchy "dmemory:MEM|altsyncram:data_memory"
Info (12130): Elaborated megafunction instantiation "dmemory:MEM|altsyncram:data_memory"
Info (12133): Instantiated megafunction "dmemory:MEM|altsyncram:data_memory" with the following parameter:
    Info (12134): Parameter "address_aclr_a" = "UNUSED"
    Info (12134): Parameter "address_aclr_b" = "NONE"
    Info (12134): Parameter "address_reg_b" = "CLOCK1"
    Info (12134): Parameter "byte_size" = "8"
    Info (12134): Parameter "byteena_aclr_a" = "UNUSED"
    Info (12134): Parameter "byteena_aclr_b" = "NONE"
    Info (12134): Parameter "byteena_reg_b" = "CLOCK1"
    Info (12134): Parameter "clock_enable_core_a" = "USE_INPUT_CLKEN"
    Info (12134): Parameter "clock_enable_core_b" = "USE_INPUT_CLKEN"
    Info (12134): Parameter "clock_enable_input_a" = "NORMAL"
    Info (12134): Parameter "clock_enable_input_b" = "NORMAL"
    Info (12134): Parameter "clock_enable_output_a" = "NORMAL"
    Info (12134): Parameter "clock_enable_output_b" = "NORMAL"
    Info (12134): Parameter "intended_device_family" = "Cyclone"
    Info (12134): Parameter "ecc_pipeline_stage_enabled" = "FALSE"
    Info (12134): Parameter "enable_ecc" = "FALSE"
    Info (12134): Parameter "implement_in_les" = "OFF"
    Info (12134): Parameter "indata_aclr_a" = "UNUSED"
    Info (12134): Parameter "indata_aclr_b" = "NONE"
    Info (12134): Parameter "indata_reg_b" = "CLOCK1"
    Info (12134): Parameter "init_file" = "dmemory.mif"
    Info (12134): Parameter "init_file_layout" = "PORT_A"
    Info (12134): Parameter "maximum_depth" = "0"
    Info (12134): Parameter "numwords_a" = "0"
    Info (12134): Parameter "numwords_b" = "0"
    Info (12134): Parameter "operation_mode" = "SINGLE_PORT"
    Info (12134): Parameter "outdata_aclr_a" = "NONE"
    Info (12134): Parameter "outdata_aclr_b" = "NONE"
    Info (12134): Parameter "outdata_reg_a" = "UNREGISTERED"
    Info (12134): Parameter "outdata_reg_b" = "UNREGISTERED"
    Info (12134): Parameter "power_up_uninitialized" = "FALSE"
    Info (12134): Parameter "ram_block_type" = "AUTO"
    Info (12134): Parameter "rdcontrol_aclr_b" = "NONE"
    Info (12134): Parameter "rdcontrol_reg_b" = "CLOCK1"
    Info (12134): Parameter "read_during_write_mode_mixed_ports" = "DONT_CARE"
    Info (12134): Parameter "read_during_write_mode_port_a" = "NEW_DATA_NO_NBE_READ"
    Info (12134): Parameter "read_during_write_mode_port_b" = "NEW_DATA_NO_NBE_READ"
    Info (12134): Parameter "stratixiv_m144k_allow_dual_clocks" = "ON"
    Info (12134): Parameter "width_a" = "8"
    Info (12134): Parameter "width_b" = "1"
    Info (12134): Parameter "width_byteena_a" = "1"
    Info (12134): Parameter "width_byteena_b" = "1"
    Info (12134): Parameter "width_eccstatus" = "3"
    Info (12134): Parameter "widthad_a" = "8"
    Info (12134): Parameter "widthad_b" = "1"
    Info (12134): Parameter "wrcontrol_aclr_a" = "UNUSED"
    Info (12134): Parameter "wrcontrol_aclr_b" = "NONE"
    Info (12134): Parameter "wrcontrol_wraddress_reg_b" = "CLOCK1"
    Info (12134): Parameter "lpm_hint" = "UNUSED"
    Info (12134): Parameter "lpm_type" = "altsyncram"
Info (12021): Found 1 design units, including 1 entities, in source file db/altsyncram_ftp3.tdf
    Info (12023): Found entity 1: altsyncram_ftp3
Info (12128): Elaborating entity "altsyncram_ftp3" for hierarchy "dmemory:MEM|altsyncram:data_memory|altsyncram_ftp3:auto_generated"
Info (13000): Registers with preset signals will power-up high
Info (13003): DEV_CLRn pin will set, and not reset, register with preset signal due to NOT Gate Push-Back
Warning (13024): Output pins are stuck at VCC or GND
    Warning (13410): Pin "PC[0]" is stuck at GND
    Warning (13410): Pin "PC[1]" is stuck at GND
    Warning (13410): Pin "IF_PCPlus4_out[0]" is stuck at GND
    Warning (13410): Pin "IF_PCPlus4_out[1]" is stuck at GND
Info (286030): Timing-Driven Synthesis is running
Info (16010): Generating hard_block partition "hard_block:auto_generated_inst"
    Info (16011): Adding 0 node(s), including 0 DDIO, 0 PLL, 0 transceiver and 0 LCELL
Info (21057): Implemented 1309 device resources after synthesis - the final resource count might be different
    Info (21058): Implemented 2 input pins
    Info (21059): Implemented 230 output pins
    Info (21061): Implemented 1037 logic cells
    Info (21064): Implemented 40 RAM segments
Info: Quartus II 32-bit Analysis & Synthesis was successful. 0 errors, 14 warnings
    Info: Peak virtual memory: 417 megabytes
    Info: Processing ended: Wed Nov 30 10:14:39 2016
    Info: Elapsed time: 00:00:04
    Info: Total CPU time (on all processors): 00:00:04


