Flow report for cpu
Wed Nov 30 10:25:57 2016
Quartus II 32-bit Version 13.0.1 Build 232 06/12/2013 Service Pack 1 SJ Web Edition


---------------------
; Table of Contents ;
---------------------
  1. Legal Notice
  2. Flow Summary
  3. Flow Settings
  4. Flow Non-Default Global Settings
  5. Flow Elapsed Time
  6. Flow OS Summary
  7. Flow Log
  8. Flow Messages
  9. Flow Suppressed Messages



----------------
; Legal Notice ;
----------------
Copyright (C) 1991-2013 Altera Corporation
Your use of Altera Corporation's design tools, logic functions 
and other software and tools, and its AMPP partner logic 
functions, and any output files from any of the foregoing 
(including device programming or simulation files), and any 
associated documentation or information are expressly subject 
to the terms and conditions of the Altera Program License 
Subscription Agreement, Altera MegaCore Function License 
Agreement, or other applicable license agreement, including, 
without limitation, that your use is for the sole purpose of 
programming logic devices manufactured by Altera and sold by 
Altera or its authorized distributors.  Please refer to the 
applicable agreement for further details.



+--------------------------------------------------------------------------------------+
; Flow Summary                                                                         ;
+------------------------------------+-------------------------------------------------+
; Flow Status                        ; Successful - Wed Nov 30 10:25:57 2016           ;
; Quartus II 32-bit Version          ; 13.0.1 Build 232 06/12/2013 SP 1 SJ Web Edition ;
; Revision Name                      ; cpu                                             ;
; Top-level Entity Name              ; cpu                                             ;
; Family                             ; Cyclone IV GX                                   ;
; Total logic elements               ; 837 / 29,440 ( 3 % )                            ;
;     Total combinational functions  ; 788 / 29,440 ( 3 % )                            ;
;     Dedicated logic registers      ; 459 / 29,440 ( 2 % )                            ;
; Total registers                    ; 459                                             ;
; Total pins                         ; 232 / 307 ( 76 % )                              ;
; Total virtual pins                 ; 0                                               ;
; Total memory bits                  ; 10,240 / 1,105,920 ( < 1 % )                    ;
; Embedded Multiplier 9-bit elements ; 0 / 160 ( 0 % )                                 ;
; Total GXB Receiver Channel PCS     ; 0 / 4 ( 0 % )                                   ;
; Total GXB Receiver Channel PMA     ; 0 / 4 ( 0 % )                                   ;
; Total GXB Transmitter Channel PCS  ; 0 / 4 ( 0 % )                                   ;
; Total GXB Transmitter Channel PMA  ; 0 / 4 ( 0 % )                                   ;
; Total PLLs                         ; 0 / 6 ( 0 % )                                   ;
; Device                             ; EP4CGX30CF23C6                                  ;
; Timing Models                      ; Final                                           ;
+------------------------------------+-------------------------------------------------+


+-----------------------------------------+
; Flow Settings                           ;
+-------------------+---------------------+
; Option            ; Setting             ;
+-------------------+---------------------+
; Start date & time ; 11/30/2016 10:14:35 ;
; Main task         ; Compilation         ;
; Revision Name     ; cpu                 ;
+-------------------+---------------------+


+----------------------------------------------------------------------------------------------------------------------+
; Flow Non-Default Global Settings                                                                                     ;
+-------------------------------------+---------------------------------+---------------+-------------+----------------+
; Assignment Name                     ; Value                           ; Default Value ; Entity Name ; Section Id     ;
+-------------------------------------+---------------------------------+---------------+-------------+----------------+
; COMPILER_SIGNATURE_ID               ; 203178707395246.148052247501432 ; --            ; --          ; --             ;
; EDA_GENERATE_FUNCTIONAL_NETLIST     ; On                              ; --            ; --          ; eda_simulation ;
; EDA_OUTPUT_DATA_FORMAT              ; Verilog Hdl                     ; --            ; --          ; eda_simulation ;
; EDA_SIMULATION_TOOL                 ; ModelSim-Altera (Verilog)       ; <None>        ; --          ; --             ;
; EDA_TIME_SCALE                      ; 1 ps                            ; --            ; --          ; eda_simulation ;
; PARTITION_COLOR                     ; 16764057                        ; --            ; --          ; Top            ;
; PARTITION_FITTER_PRESERVATION_LEVEL ; PLACEMENT_AND_ROUTING           ; --            ; --          ; Top            ;
; PARTITION_NETLIST_TYPE              ; SOURCE                          ; --            ; --          ; Top            ;
; PROJECT_OUTPUT_DIRECTORY            ; output_files                    ; --            ; --          ; --             ;
+-------------------------------------+---------------------------------+---------------+-------------+----------------+


+-------------------------------------------------------------------------------------------------------------------------------+
; Flow Elapsed Time                                                                                                             ;
+---------------------------+--------------+-------------------------+---------------------+------------------------------------+
; Module Name               ; Elapsed Time ; Average Processors Used ; Peak Virtual Memory ; Total CPU Time (on all processors) ;
+---------------------------+--------------+-------------------------+---------------------+------------------------------------+
; Analysis & Synthesis      ; 00:00:03     ; 1.0                     ; 417 MB              ; 00:00:03                           ;
; Fitter                    ; 00:00:26     ; 1.0                     ; 648 MB              ; 00:00:26                           ;
; Assembler                 ; 00:00:05     ; 1.0                     ; 388 MB              ; 00:00:04                           ;
; TimeQuest Timing Analyzer ; 00:00:04     ; 1.0                     ; 426 MB              ; 00:00:04                           ;
; EDA Netlist Writer        ; 00:00:01     ; 1.0                     ; 349 MB              ; 00:00:01                           ;
; EDA Netlist Writer        ; 00:00:01     ; 1.0                     ; 354 MB              ; 00:00:01                           ;
; EDA Netlist Writer        ; 00:00:01     ; 1.0                     ; 357 MB              ; 00:00:01                           ;
; EDA Netlist Writer        ; 00:00:01     ; 1.0                     ; 354 MB              ; 00:00:01                           ;
; EDA Netlist Writer        ; 00:00:01     ; 1.0                     ; 357 MB              ; 00:00:01                           ;
; EDA Netlist Writer        ; 00:00:01     ; 1.0                     ; 354 MB              ; 00:00:01                           ;
; EDA Netlist Writer        ; 00:00:01     ; 1.0                     ; 357 MB              ; 00:00:01                           ;
; Total                     ; 00:00:45     ; --                      ; --                  ; 00:00:44                           ;
+---------------------------+--------------+-------------------------+---------------------+------------------------------------+


+----------------------------------------------------------------------------------------+
; Flow OS Summary                                                                        ;
+---------------------------+------------------+-----------+------------+----------------+
; Module Name               ; Machine Hostname ; OS Name   ; OS Version ; Processor type ;
+---------------------------+------------------+-----------+------------+----------------+
; Analysis & Synthesis      ; wbj6h9y1         ; Windows 7 ; 6.1        ; x86_64         ;
; Fitter                    ; wbj6h9y1         ; Windows 7 ; 6.1        ; x86_64         ;
; Assembler                 ; wbj6h9y1         ; Windows 7 ; 6.1        ; x86_64         ;
; TimeQuest Timing Analyzer ; wbj6h9y1         ; Windows 7 ; 6.1        ; x86_64         ;
; EDA Netlist Writer        ; wbj6h9y1         ; Windows 7 ; 6.1        ; x86_64         ;
; EDA Netlist Writer        ; wbj6h9y1         ; Windows 7 ; 6.1        ; x86_64         ;
; EDA Netlist Writer        ; wbj6h9y1         ; Windows 7 ; 6.1        ; x86_64         ;
; EDA Netlist Writer        ; wbj6h9y1         ; Windows 7 ; 6.1        ; x86_64         ;
; EDA Netlist Writer        ; wbj6h9y1         ; Windows 7 ; 6.1        ; x86_64         ;
; EDA Netlist Writer        ; wbj6h9y1         ; Windows 7 ; 6.1        ; x86_64         ;
; EDA Netlist Writer        ; wbj6h9y1         ; Windows 7 ; 6.1        ; x86_64         ;
+---------------------------+------------------+-----------+------------+----------------+


------------
; Flow Log ;
------------
quartus_map --read_settings_files=on --write_settings_files=off cpu -c cpu
quartus_fit --read_settings_files=off --write_settings_files=off cpu -c cpu
quartus_asm --read_settings_files=off --write_settings_files=off cpu -c cpu
quartus_sta cpu -c cpu
quartus_eda --read_settings_files=off --write_settings_files=off cpu -c cpu
quartus_eda --gen_testbench --check_outputs=on --tool=modelsim_oem --format=verilog cpu -c cpu --vector_source=C:/altera/cpu_pipeline/13.0sp1cpu/Waveform.vwf --testbench_file=./simulation/qsim/cpu.vt
quartus_eda --functional=on --simulation=on --tool=modelsim_oem --format=verilog cpu -c cpu
quartus_eda --gen_testbench --check_outputs=on --tool=modelsim_oem --format=verilog cpu -c cpu --vector_source=C:/altera/cpu_pipeline/13.0sp1cpu/Waveform.vwf --testbench_file=./simulation/qsim/cpu.vt
quartus_eda --functional=on --simulation=on --tool=modelsim_oem --format=verilog cpu -c cpu
quartus_eda --gen_testbench --check_outputs=on --tool=modelsim_oem --format=verilog cpu -c cpu --vector_source=C:/altera/cpu_pipeline/13.0sp1cpu/Waveform.vwf --testbench_file=./simulation/qsim/cpu.vt
quartus_eda --functional=on --simulation=on --tool=modelsim_oem --format=verilog cpu -c cpu



